2025-05-19 11:10:18,522 - INFO - ===== SYSTEM INFORMATION =====
2025-05-19 11:10:18,522 - INFO - Number of CPU cores: 20
2025-05-19 11:10:18,522 - INFO - GPU acceleration: Not available
2025-05-19 11:10:18,522 - INFO - mpmath precision: 50 digits
2025-05-19 11:10:18,522 - INFO - ===== STARTING APPROXIMATE CDF CALCULATIONS =====
2025-05-19 11:10:18,528 - INFO - Starting Computing approximate CDFs with 1200 total steps
2025-05-19 11:10:18,529 - INFO - Processing approximate CDF for m = 2.3 (1/3)
2025-05-19 11:10:18,529 - INFO - Using parallel CPU processing for m=2.3
2025-05-19 11:10:18,529 - INFO - Using 19 CPU cores for parallel processing
2025-05-19 11:10:18,623 - INFO - Parallel calculation completed for m=2.3, k=2.32, z=4.343
2025-05-19 11:10:18,624 - INFO - Processing approximate CDF for m = 10.3 (2/3)
2025-05-19 11:10:18,624 - INFO - Using parallel CPU processing for m=10.3
2025-05-19 11:10:18,624 - INFO - Using 19 CPU cores for parallel processing
2025-05-19 11:10:18,712 - INFO - Parallel calculation completed for m=10.3, k=2.32, z=4.343
2025-05-19 11:10:18,713 - INFO - Processing approximate CDF for m = 20.3 (3/3)
2025-05-19 11:10:18,713 - INFO - Using parallel CPU processing for m=20.3
2025-05-19 11:10:18,713 - INFO - Using 19 CPU cores for parallel processing
2025-05-19 11:10:18,795 - INFO - Parallel calculation completed for m=20.3, k=2.32, z=4.343
2025-05-19 11:10:18,796 - INFO - Processing approximate CDF for fog condition: Light Fog (1/4)
2025-05-19 11:10:18,796 - INFO - Using parallel CPU processing for Light Fog
2025-05-19 11:10:18,797 - INFO - Using 19 CPU cores for parallel processing
2025-05-19 11:10:18,878 - INFO - Parallel calculation completed for m=10.3, k=2.32, z=0.007621951219512196
2025-05-19 11:10:18,878 - INFO - Processing approximate CDF for fog condition: Moderate Fog (2/4)
2025-05-19 11:10:18,878 - INFO - Using parallel CPU processing for Moderate Fog
2025-05-19 11:10:18,879 - INFO - Using 19 CPU cores for parallel processing
2025-05-19 11:10:18,938 - INFO - Parallel calculation completed for m=10.3, k=5.49, z=0.008291873963515755
2025-05-19 11:10:18,938 - INFO - Processing approximate CDF for fog condition: Thick Fog (3/4)
2025-05-19 11:10:18,939 - INFO - Using parallel CPU processing for Thick Fog
2025-05-19 11:10:18,939 - INFO - Using 19 CPU cores for parallel processing
2025-05-19 11:10:18,995 - INFO - Parallel calculation completed for m=10.3, k=6, z=0.004347826086956522
2025-05-19 11:10:18,995 - INFO - Processing approximate CDF for fog condition: Dense Fog (4/4)
2025-05-19 11:10:18,995 - INFO - Using parallel CPU processing for Dense Fog
2025-05-19 11:10:18,996 - INFO - Using 19 CPU cores for parallel processing
2025-05-19 11:10:19,054 - INFO - Parallel calculation completed for m=10.3, k=36.05, z=0.008396305625524769
2025-05-19 11:10:19,055 - INFO - Processing approximate CDF for delta = 0.1 (1/3)
2025-05-19 11:10:19,055 - INFO - Using parallel CPU processing for delta=0.1
2025-05-19 11:10:19,055 - INFO - Using 19 CPU cores for parallel processing
2025-05-19 11:10:19,115 - INFO - Parallel calculation completed for m=10.3, k=2.32, z=4.7773
2025-05-19 11:10:19,116 - INFO - Processing approximate CDF for delta = 0.5 (2/3)
2025-05-19 11:10:19,116 - INFO - Using parallel CPU processing for delta=0.5
2025-05-19 11:10:19,116 - INFO - Using 19 CPU cores for parallel processing
2025-05-19 11:10:19,185 - INFO - Parallel calculation completed for m=10.3, k=2.32, z=6.5145
2025-05-19 11:10:19,185 - INFO - Processing approximate CDF for delta = 1 (3/3)
2025-05-19 11:10:19,186 - INFO - Using parallel CPU processing for delta=1
2025-05-19 11:10:19,186 - INFO - Using 19 CPU cores for parallel processing
2025-05-19 11:10:19,254 - INFO - Parallel calculation completed for m=10.3, k=2.32, z=8.686
2025-05-19 11:10:19,254 - INFO - Generating 3D surface data...
2025-05-19 11:10:19,289 - INFO - Approximate CDF calculations completed in 0.76 seconds
2025-05-19 11:10:19,289 - INFO - ===== GENERATING PLOTS FROM APPROXIMATE DATA =====
2025-05-19 11:10:19,290 - INFO - ===== GENERATING OUTAGE PROBABILITY VS GAMMA_BAR PLOTS =====
2025-05-19 11:10:20,807 - INFO - ===== GENERATING ORIGINAL OUTAGE PROBABILITY PLOTS =====
2025-05-19 11:10:20,808 - INFO - Using 19 CPU cores for parallel processing
2025-05-19 11:10:20,930 - INFO - Parallel calculation completed for m=10.3, k=2.32, z=0.007621951219512196
2025-05-19 11:10:20,991 - INFO - Using 19 CPU cores for parallel processing
2025-05-19 11:10:21,081 - INFO - Parallel calculation completed for m=10.3, k=5.49, z=0.008291873963515755
2025-05-19 11:10:21,083 - INFO - Using 19 CPU cores for parallel processing
2025-05-19 11:10:21,177 - INFO - Parallel calculation completed for m=10.3, k=6, z=0.004347826086956522
2025-05-19 11:10:21,178 - INFO - Using 19 CPU cores for parallel processing
2025-05-19 11:10:21,265 - INFO - Parallel calculation completed for m=10.3, k=36.05, z=0.008396305625524769
2025-05-19 11:10:22,133 - INFO - Using 19 CPU cores for parallel processing
2025-05-19 11:10:22,235 - INFO - Parallel calculation completed for m=10.3, k=2.32, z=0.007621951219512196
2025-05-19 11:10:22,240 - INFO - Using 19 CPU cores for parallel processing
2025-05-19 11:10:22,335 - INFO - Parallel calculation completed for m=10.3, k=5.49, z=0.008291873963515755
2025-05-19 11:10:22,336 - INFO - Using 19 CPU cores for parallel processing
2025-05-19 11:10:22,442 - INFO - Parallel calculation completed for m=10.3, k=6, z=0.004347826086956522
2025-05-19 11:10:22,444 - INFO - Using 19 CPU cores for parallel processing
2025-05-19 11:10:22,545 - INFO - Parallel calculation completed for m=10.3, k=36.05, z=0.008396305625524769
2025-05-19 11:10:23,180 - INFO - ===== GENERATING OUTAGE CURVE PLOTS =====
2025-05-19 11:10:23,181 - INFO - Using 19 CPU cores for parallel processing
2025-05-19 11:10:23,328 - INFO - Parallel calculation completed for m=10.3, k=2.32, z=0.007621951219512196
2025-05-19 11:10:23,335 - INFO - Using 19 CPU cores for parallel processing
2025-05-19 11:10:23,491 - INFO - Parallel calculation completed for m=10.3, k=5.49, z=0.008291873963515755
2025-05-19 11:10:23,493 - INFO - Using 19 CPU cores for parallel processing
2025-05-19 11:10:23,644 - INFO - Parallel calculation completed for m=10.3, k=6, z=0.004347826086956522
2025-05-19 11:10:23,647 - INFO - Using 19 CPU cores for parallel processing
2025-05-19 11:10:23,758 - INFO - Parallel calculation completed for m=10.3, k=36.05, z=0.008396305625524769
2025-05-19 11:10:24,491 - INFO - ===== GENERATING ADVANCED 3D VISUALIZATIONS =====
2025-05-19 11:10:25,952 - INFO - ===== TESTING EXACT COMPUTATION =====
2025-05-19 11:12:31,800 - INFO - Test exact computation: result = 0.0, time = 125.85 seconds
2025-05-19 11:12:39,514 - INFO - User chose to run exact calculations
2025-05-19 11:12:39,514 - INFO - ===== STARTING EXACT CDF CALCULATIONS =====
2025-05-19 11:12:39,518 - INFO - Starting Computing exact CDFs with 360 total steps
2025-05-19 11:12:39,518 - INFO - Processing exact CDF for m = 2.3 (1/3)
2025-05-19 11:12:39,518 - INFO - Calculating exact CDF values for m=2.3 using parallel processing
2025-05-19 11:12:39,518 - INFO - Using 19 CPU cores for parallel processing
2025-05-19 11:27:38,396 - INFO - Parallel calculation completed for m=2.3, k=2.32, z=4.343
2025-05-19 11:27:38,397 - INFO - Processing exact CDF for m = 10.3 (2/3)
2025-05-19 11:27:38,397 - INFO - Calculating exact CDF values for m=10.3 using parallel processing
2025-05-19 11:27:38,397 - INFO - Using 19 CPU cores for parallel processing
2025-05-19 11:44:05,428 - INFO - Parallel calculation completed for m=10.3, k=2.32, z=4.343
2025-05-19 11:44:05,430 - INFO - Processing exact CDF for m = 20.3 (3/3)
2025-05-19 11:44:05,430 - INFO - Calculating exact CDF values for m=20.3 using parallel processing
2025-05-19 11:44:05,430 - INFO - Using 19 CPU cores for parallel processing
